app/build/intermediates/manifest_merge_blame_file/debug/manifest-merger-blame-debug-report.txt
1<?xml version="1.0" encoding="utf-8"?>
2<manifest xmlns:android="http://schemas.android.com/apk/res/android"
3    package="com.example.projectmascotitas"
4    android:versionCode="1"
5    android:versionName="1.0" >
6
7    <uses-sdk
8        android:minSdkVersion="21"
8-->src\main\AndroidManifest.xml
9        android:targetSdkVersion="32" />
9-->src\main\AndroidManifest.xml
10
11    <!-- Although the *SdkVersion is captured in gradle build files, this is required for non gradle builds -->
12    <!-- <uses-sdk android:minSdkVersion="14"/> -->
13    <uses-permission android:name="android.permission.ACCESS_NETWORK_STATE" />
13-->[com.google.firebase:firebase-database:19.2.1] AndroidManifest.xml:25:5-79
13-->[com.google.firebase:firebase-database:19.2.1] AndroidManifest.xml:25:22-76
14    <uses-permission android:name="android.permission.INTERNET" />
14-->[com.google.firebase:firebase-database:19.2.1] AndroidManifest.xml:26:5-67
14-->[com.google.firebase:firebase-database:19.2.1] AndroidManifest.xml:26:22-64
15
16    <application
16-->src\main\AndroidManifest.xml:5:5-79:19
17        android:allowBackup="true"
17-->src\main\AndroidManifest.xml:6:9-35
18        android:appComponentFactory="androidx.core.app.CoreComponentFactory"
18-->[androidx.core:core:1.7.0] AndroidManifest.xml:24:18-86
19        android:debuggable="true"
20        android:icon="@mipmap/ic_launcher"
20-->src\main\AndroidManifest.xml:7:9-43
21        android:label="@string/app_name"
21-->src\main\AndroidManifest.xml:8:9-41
22        android:roundIcon="@mipmap/ic_launcher_round"
22-->src\main\AndroidManifest.xml:9:9-54
23        android:supportsRtl="true"
23-->src\main\AndroidManifest.xml:10:9-35
24        android:testOnly="true"
25        android:theme="@style/Theme.ProjectMascotitas" >
25-->src\main\AndroidManifest.xml:11:9-55
26        <activity
26-->src\main\AndroidManifest.xml:12:9-14:40
27            android:name="com.example.projectmascotitas.Rating"
27-->src\main\AndroidManifest.xml:13:13-35
28            android:exported="false" />
28-->src\main\AndroidManifest.xml:14:13-37
29        <activity
29-->src\main\AndroidManifest.xml:15:9-17:40
30            android:name="com.example.projectmascotitas.HowTo"
30-->src\main\AndroidManifest.xml:16:13-34
31            android:exported="false" />
31-->src\main\AndroidManifest.xml:17:13-37
32        <activity
32-->src\main\AndroidManifest.xml:18:9-20:40
33            android:name="com.example.projectmascotitas.Contact"
33-->src\main\AndroidManifest.xml:19:13-36
34            android:exported="false" />
34-->src\main\AndroidManifest.xml:20:13-37
35        <activity
35-->src\main\AndroidManifest.xml:21:9-23:40
36            android:name="com.example.projectmascotitas.PaymentSuccessful"
36-->src\main\AndroidManifest.xml:22:13-46
37            android:exported="false" />
37-->src\main\AndroidManifest.xml:23:13-37
38        <activity
38-->src\main\AndroidManifest.xml:24:9-26:40
39            android:name="com.example.projectmascotitas.PayCart"
39-->src\main\AndroidManifest.xml:25:13-36
40            android:exported="false" />
40-->src\main\AndroidManifest.xml:26:13-37
41        <activity
41-->src\main\AndroidManifest.xml:27:9-29:40
42            android:name="com.example.projectmascotitas.EditCard"
42-->src\main\AndroidManifest.xml:28:13-37
43            android:exported="false" />
43-->src\main\AndroidManifest.xml:29:13-37
44        <activity
44-->src\main\AndroidManifest.xml:30:9-32:40
45            android:name="com.example.projectmascotitas.EditAddress"
45-->src\main\AndroidManifest.xml:31:13-40
46            android:exported="false" />
46-->src\main\AndroidManifest.xml:32:13-37
47        <activity
47-->src\main\AndroidManifest.xml:33:9-35:40
48            android:name="com.example.projectmascotitas.RegistroUser"
48-->src\main\AndroidManifest.xml:34:13-41
49            android:exported="false" />
49-->src\main\AndroidManifest.xml:35:13-37
50        <activity
50-->src\main\AndroidManifest.xml:36:9-38:40
51            android:name="com.example.projectmascotitas.PaymentMethods"
51-->src\main\AndroidManifest.xml:37:13-43
52            android:exported="false" />
52-->src\main\AndroidManifest.xml:38:13-37
53        <activity
53-->src\main\AndroidManifest.xml:39:9-41:40
54            android:name="com.example.projectmascotitas.Password"
54-->src\main\AndroidManifest.xml:40:13-37
55            android:exported="false" />
55-->src\main\AndroidManifest.xml:41:13-37
56        <activity
56-->src\main\AndroidManifest.xml:42:9-44:40
57            android:name="com.example.projectmascotitas.Address"
57-->src\main\AndroidManifest.xml:43:13-36
58            android:exported="false" />
58-->src\main\AndroidManifest.xml:44:13-37
59        <activity
59-->src\main\AndroidManifest.xml:45:9-47:40
60            android:name="com.example.projectmascotitas.details"
60-->src\main\AndroidManifest.xml:46:13-36
61            android:exported="false" />
61-->src\main\AndroidManifest.xml:47:13-37
62        <activity
62-->src\main\AndroidManifest.xml:48:9-50:40
63            android:name="com.example.projectmascotitas.Profile"
63-->src\main\AndroidManifest.xml:49:13-36
64            android:exported="false" />
64-->src\main\AndroidManifest.xml:50:13-37
65        <activity
65-->src\main\AndroidManifest.xml:51:9-53:40
66            android:name="com.example.projectmascotitas.Cart"
66-->src\main\AndroidManifest.xml:52:13-33
67            android:exported="false" />
67-->src\main\AndroidManifest.xml:53:13-37
68        <activity
68-->src\main\AndroidManifest.xml:54:9-56:40
69            android:name="com.example.projectmascotitas.Offers"
69-->src\main\AndroidManifest.xml:55:13-35
70            android:exported="false" />
70-->src\main\AndroidManifest.xml:56:13-37
71        <activity
71-->src\main\AndroidManifest.xml:57:9-59:40
72            android:name="com.example.projectmascotitas.History"
72-->src\main\AndroidManifest.xml:58:13-36
73            android:exported="false" />
73-->src\main\AndroidManifest.xml:59:13-37
74        <activity
74-->src\main\AndroidManifest.xml:60:9-62:40
75            android:name="com.example.projectmascotitas.index"
75-->src\main\AndroidManifest.xml:61:13-34
76            android:exported="false" />
76-->src\main\AndroidManifest.xml:62:13-37
77        <activity
77-->src\main\AndroidManifest.xml:63:9-65:40
78            android:name="com.example.projectmascotitas.Registro"
78-->src\main\AndroidManifest.xml:64:13-37
79            android:exported="false" />
79-->src\main\AndroidManifest.xml:65:13-37
80        <activity
80-->src\main\AndroidManifest.xml:66:9-68:39
81            android:name="com.example.projectmascotitas.LoginActivity"
81-->src\main\AndroidManifest.xml:67:13-42
82            android:exported="true" />
82-->src\main\AndroidManifest.xml:68:13-36
83        <activity
83-->src\main\AndroidManifest.xml:69:9-78:20
84            android:name="com.example.projectmascotitas.MainActivity"
84-->src\main\AndroidManifest.xml:70:13-41
85            android:exported="true"
85-->src\main\AndroidManifest.xml:71:13-36
86            android:theme="@android:style/Theme.Light.NoTitleBar.Fullscreen" >
86-->src\main\AndroidManifest.xml:72:13-77
87            <intent-filter>
87-->src\main\AndroidManifest.xml:73:13-77:29
88                <action android:name="android.intent.action.MAIN" />
88-->src\main\AndroidManifest.xml:74:17-69
88-->src\main\AndroidManifest.xml:74:25-66
89
90                <category android:name="android.intent.category.LAUNCHER" />
90-->src\main\AndroidManifest.xml:76:17-77
90-->src\main\AndroidManifest.xml:76:27-74
91            </intent-filter>
92        </activity>
93        <activity
93-->[com.google.firebase:firebase-auth:19.2.0] AndroidManifest.xml:24:9-31:50
94            android:name="com.google.firebase.auth.internal.FederatedSignInActivity"
94-->[com.google.firebase:firebase-auth:19.2.0] AndroidManifest.xml:25:13-85
95            android:excludeFromRecents="true"
95-->[com.google.firebase:firebase-auth:19.2.0] AndroidManifest.xml:26:13-46
96            android:exported="true"
96-->[com.google.firebase:firebase-auth:19.2.0] AndroidManifest.xml:27:13-36
97            android:launchMode="singleTask"
97-->[com.google.firebase:firebase-auth:19.2.0] AndroidManifest.xml:28:13-44
98            android:permission="com.google.firebase.auth.api.gms.permission.LAUNCH_FEDERATED_SIGN_IN"
98-->[com.google.firebase:firebase-auth:19.2.0] AndroidManifest.xml:29:13-102
99            android:theme="@android:style/Theme.Translucent.NoTitleBar" />
99-->[com.google.firebase:firebase-auth:19.2.0] AndroidManifest.xml:30:13-72
100
101        <service
101-->[com.google.firebase:firebase-auth:19.2.0] AndroidManifest.xml:33:9-39:19
102            android:name="com.google.firebase.components.ComponentDiscoveryService"
102-->[com.google.firebase:firebase-auth:19.2.0] AndroidManifest.xml:34:13-84
103            android:directBootAware="true"
103-->[com.google.firebase:firebase-common:19.3.0] AndroidManifest.xml:34:13-43
104            android:exported="false" >
104-->[com.google.firebase:firebase-auth:19.2.0] AndroidManifest.xml:35:13-37
105            <meta-data
105-->[com.google.firebase:firebase-auth:19.2.0] AndroidManifest.xml:36:13-38:85
106                android:name="com.google.firebase.components:com.google.firebase.auth.FirebaseAuthRegistrar"
106-->[com.google.firebase:firebase-auth:19.2.0] AndroidManifest.xml:37:17-109
107                android:value="com.google.firebase.components.ComponentRegistrar" />
107-->[com.google.firebase:firebase-auth:19.2.0] AndroidManifest.xml:38:17-82
108            <meta-data
108-->[com.google.firebase:firebase-database:19.2.1] AndroidManifest.xml:32:13-34:85
109                android:name="com.google.firebase.components:com.google.firebase.database.DatabaseRegistrar"
109-->[com.google.firebase:firebase-database:19.2.1] AndroidManifest.xml:33:17-109
110                android:value="com.google.firebase.components.ComponentRegistrar" />
110-->[com.google.firebase:firebase-database:19.2.1] AndroidManifest.xml:34:17-82
111        </service>
112
113        <activity
113-->[com.google.android.gms:play-services-base:17.1.0] AndroidManifest.xml:23:9-26:75
114            android:name="com.google.android.gms.common.api.GoogleApiActivity"
114-->[com.google.android.gms:play-services-base:17.1.0] AndroidManifest.xml:24:13-79
115            android:exported="false"
115-->[com.google.android.gms:play-services-base:17.1.0] AndroidManifest.xml:25:13-37
116            android:theme="@android:style/Theme.Translucent.NoTitleBar" />
116-->[com.google.android.gms:play-services-base:17.1.0] AndroidManifest.xml:26:13-72
117
118        <provider
118-->[com.google.firebase:firebase-common:19.3.0] AndroidManifest.xml:26:9-30:39
119            android:name="com.google.firebase.provider.FirebaseInitProvider"
119-->[com.google.firebase:firebase-common:19.3.0] AndroidManifest.xml:27:13-77
120            android:authorities="com.example.projectmascotitas.firebaseinitprovider"
120-->[com.google.firebase:firebase-common:19.3.0] AndroidManifest.xml:28:13-72
121            android:exported="false"
121-->[com.google.firebase:firebase-common:19.3.0] AndroidManifest.xml:29:13-37
122            android:initOrder="100" />
122-->[com.google.firebase:firebase-common:19.3.0] AndroidManifest.xml:30:13-36
123
124        <meta-data
124-->[com.google.android.gms:play-services-basement:17.0.0] AndroidManifest.xml:23:9-25:69
125            android:name="com.google.android.gms.version"
125-->[com.google.android.gms:play-services-basement:17.0.0] AndroidManifest.xml:24:13-58
126            android:value="@integer/google_play_services_version" />
126-->[com.google.android.gms:play-services-basement:17.0.0] AndroidManifest.xml:25:13-66
127
128        <provider
128-->[androidx.emoji2:emoji2:1.0.0] AndroidManifest.xml:26:9-34:20
129            android:name="androidx.startup.InitializationProvider"
129-->[androidx.emoji2:emoji2:1.0.0] AndroidManifest.xml:27:13-67
130            android:authorities="com.example.projectmascotitas.androidx-startup"
130-->[androidx.emoji2:emoji2:1.0.0] AndroidManifest.xml:28:13-68
131            android:exported="false" >
131-->[androidx.emoji2:emoji2:1.0.0] AndroidManifest.xml:29:13-37
132            <meta-data
132-->[androidx.emoji2:emoji2:1.0.0] AndroidManifest.xml:31:13-33:52
133                android:name="androidx.emoji2.text.EmojiCompatInitializer"
133-->[androidx.emoji2:emoji2:1.0.0] AndroidManifest.xml:32:17-75
134                android:value="androidx.startup" />
134-->[androidx.emoji2:emoji2:1.0.0] AndroidManifest.xml:33:17-49
135            <meta-data
135-->[androidx.lifecycle:lifecycle-process:2.4.0] AndroidManifest.xml:31:13-33:52
136                android:name="androidx.lifecycle.ProcessLifecycleInitializer"
136-->[androidx.lifecycle:lifecycle-process:2.4.0] AndroidManifest.xml:32:17-78
137                android:value="androidx.startup" />
137-->[androidx.lifecycle:lifecycle-process:2.4.0] AndroidManifest.xml:33:17-49
138        </provider>
139
140        <uses-library
140-->[androidx.window:window:1.0.0] AndroidManifest.xml:25:9-27:40
141            android:name="androidx.window.extensions"
141-->[androidx.window:window:1.0.0] AndroidManifest.xml:26:13-54
142            android:required="false" />
142-->[androidx.window:window:1.0.0] AndroidManifest.xml:27:13-37
143        <uses-library
143-->[androidx.window:window:1.0.0] AndroidManifest.xml:28:9-30:40
144            android:name="androidx.window.sidecar"
144-->[androidx.window:window:1.0.0] AndroidManifest.xml:29:13-51
145            android:required="false" />
145-->[androidx.window:window:1.0.0] AndroidManifest.xml:30:13-37
146    </application>
147
148</manifest>